
> dear23@0.0.0 build
> tsc -b && vite build

src/components/chat/interactions/MobileMessageItem.tsx(18,5): error TS6133: 'onLongPress' is declared but its value is never read.
src/components/chat/interactions/MobileMessageItem.tsx(22,12): error TS6133: 'isDragging' is declared but its value is never read.
src/pages/CalendarPage.tsx(8,11): error TS6133: 'navigate' is declared but its value is never read.
src/pages/ChatPage.tsx(32,12): error TS6133: 'hoveredMessageId' is declared but its value is never read.
src/pages/ChatPage.tsx(32,30): error TS6133: 'setHoveredMessageId' is declared but its value is never read.
src/pages/DiaryPage.tsx(130,100): error TS2345: Argument of type 'string' is not assignable to parameter of type 'SetStateAction<"all" | "me" | "partner">'.
src/pages/MailboxPage.tsx(4,1): error TS6192: All imports in import declaration are unused.
src/pages/MailboxPage.tsx(8,1): error TS6133: 'NotionItem' is declared but its value is never read.
src/pages/MailboxPage.tsx(8,33): error TS2307: Cannot find module '../../types' or its corresponding type declarations.
src/pages/MailboxPage.tsx(97,31): error TS6133: 'isFromMe' is declared but its value is never read.
src/pages/SettingsPage.tsx(7,26): error TS6133: 'getDoc' is declared but its value is never read.
